<?xml version="1.0" encoding="UTF-8"?>
<!-- Generated by org.testng.reporters.JUnitReportReporter -->
<testsuite skipped="0" hostname="chouman" name="com.bank.testCases.TC_AddCustomerTest_002" tests="1" failures="0" timestamp="2023-01-09T11:19:14 EST" time="14.144" errors="0">
  <testcase name="addNewCustomer" time="14.144" classname="com.bank.testCases.TC_AddCustomerTest_002"/>
  <system-out/>
</testsuite> <!-- com.bank.testCases.TC_AddCustomerTest_002 -->
